<?xml version="1.0" encoding="UTF-8"?>
<!-- Generated by org.testng.reporters.JUnitReportReporter -->
<testsuite skipped="0" hostname="LAPTOP-F5223EVV" name="tests.testwebdriver" tests="1" failures="0" timestamp="04 dic 2018 22:04:10 GMT" time="3.680" errors="0">
  <testcase name="test1" time="3.680" classname="tests.testwebdriver"/>
</testsuite> <!-- tests.testwebdriver -->
