<?xml version="1.0" encoding="UTF-8"?>
<!-- Generated by org.testng.reporters.JUnitReportReporter -->
<testsuite skipped="0" hostname="LAPTOP-F5223EVV" name="tests.testwebdriver$RecordingTest" tests="1" failures="0" timestamp="05 ene 2019 04:50:19 GMT" time="20.228" errors="0">
  <testcase name="OpenBlog" time="20.228" classname="tests.testwebdriver$RecordingTest"/>
</testsuite> <!-- tests.testwebdriver$RecordingTest -->
