<?xml version="1.0" encoding="UTF-8"?>
<!-- Generated by org.testng.reporters.JUnitReportReporter -->
<testsuite skipped="0" hostname="LAPTOP-F5223EVV" name="tests.testwebdriver$RecordingTest" tests="1" failures="0" timestamp="06 dic 2018 14:35:57 GMT" time="20.272" errors="0">
  <testcase name="OpenBlog" time="20.272" classname="tests.testwebdriver$RecordingTest"/>
</testsuite> <!-- tests.testwebdriver$RecordingTest -->
