<?xml version="1.0" encoding="UTF-8"?>
<!-- Generated by org.testng.reporters.JUnitReportReporter -->
<testsuite skipped="0" hostname="LAPTOP-F5223EVV" name="tests.testwebdriver" tests="1" failures="0" timestamp="05 dic 2018 03:20:39 GMT" time="8.717" errors="0">
  <testcase name="test1" time="8.717" classname="tests.testwebdriver"/>
</testsuite> <!-- tests.testwebdriver -->
