<?xml version="1.0" encoding="UTF-8"?>
<!-- Generated by org.testng.reporters.JUnitReportReporter -->
<testsuite skipped="0" hostname="LAPTOP-F5223EVV" name="webdriver.WebDriver" tests="1" failures="0" timestamp="04 dic 2018 21:46:07 GMT" time="3.150" errors="0">
  <testcase name="ChromeBrowser" time="3.150" classname="webdriver.WebDriver"/>
</testsuite> <!-- webdriver.WebDriver -->
