<?xml version="1.0" encoding="UTF-8"?>
<!-- Generated by org.testng.reporters.JUnitReportReporter -->
<testsuite skipped="0" hostname="LAPTOP-F5223EVV" name="tests.testwebdriver" tests="2" failures="0" timestamp="05 dic 2018 17:21:43 GMT" time="35.278" errors="0">
  <testcase name="OpenBlog" time="15.179" classname="tests.testwebdriver"/>
  <testcase name="OpenForum" time="20.099" classname="tests.testwebdriver"/>
</testsuite> <!-- tests.testwebdriver -->
