<?xml version="1.0" encoding="UTF-8"?>
<!-- Generated by org.testng.reporters.JUnitReportReporter -->
<testsuite skipped="0" hostname="LAPTOP-F5223EVV" name="WebDriver.testwebdriver" tests="1" failures="0" timestamp="04 dic 2018 20:56:25 GMT" time="8.779" errors="0">
  <testcase name="test" time="8.779" classname="WebDriver.testwebdriver"/>
</testsuite> <!-- WebDriver.testwebdriver -->
